<?xml version="1.0" encoding="UTF-8"?>
<!-- Generated by org.testng.reporters.JUnitReportReporter -->
<testsuite hostname="DELL" failures="0" tests="3" name="com.sgtesting.users.Users" time="0.023" errors="0" timestamp="2023-05-01T16:41:21 IST" skipped="0">
  <testcase classname="com.sgtesting.users.Users" name="modifyUser" time="0.012"/>
  <system-out/>
  <testcase classname="com.sgtesting.users.Users" name="deleteUser" time="0.003"/>
  <system-out/>
  <testcase classname="com.sgtesting.users.Users" name="createUser" time="0.008"/>
  <system-out/>
</testsuite> <!-- com.sgtesting.users.Users -->
